eModou/build/outputs/logs/manifest-merger-debug-report.txt
-- Merging decision tree log ---
manifest
ADDED from src/main/AndroidManifest.xml:2:1-165:12
	package
		ADDED from src/main/AndroidManifest.xml:3:5-33
		INJECTED from src/main/AndroidManifest.xml
		INJECTED from src/main/AndroidManifest.xml
	android:versionName
		ADDED from src/main/AndroidManifest.xml:5:5-30
		INJECTED from src/main/AndroidManifest.xml
		INJECTED from src/main/AndroidManifest.xml
	android:versionCode
		ADDED from src/main/AndroidManifest.xml:4:5-28
		INJECTED from src/main/AndroidManifest.xml
		INJECTED from src/main/AndroidManifest.xml
	xmlns:android
		ADDED from src/main/AndroidManifest.xml:2:11-69
uses-sdk
ADDED from src/main/AndroidManifest.xml:7:5-9:41
MERGED from [gaozhong:xutils:unspecified] AndroidManifest.xml:7:5-9:41
MERGED from [gaozhong:holocircle:unspecified] AndroidManifest.xml:7:5-10:42
MERGED from [gaozhong:slidingMenu:unspecified] AndroidManifest.xml:7:5-9:41
MERGED from [gaozhong:pullToRefreshListView:unspecified] AndroidManifest.xml:7:5-9:40
MERGED from [gaozhong:viewpagerindicator:unspecified] AndroidManifest.xml:7:5-9:40
	android:targetSdkVersion
		ADDED from src/main/AndroidManifest.xml:9:9-38
		INJECTED from src/main/AndroidManifest.xml
		INJECTED from src/main/AndroidManifest.xml
	tools:ignore
		ADDED from [gaozhong:holocircle:unspecified] AndroidManifest.xml:10:9-39
	android:minSdkVersion
		ADDED from src/main/AndroidManifest.xml:8:9-35
		INJECTED from src/main/AndroidManifest.xml
		INJECTED from src/main/AndroidManifest.xml
application
ADDED from src/main/AndroidManifest.xml:11:5-143:19
MERGED from [gaozhong:xutils:unspecified] AndroidManifest.xml:11:5-20
	android:label
		ADDED from src/main/AndroidManifest.xml:15:9-41
	android:allowBackup
		ADDED from src/main/AndroidManifest.xml:13:9-35
	android:icon
		ADDED from src/main/AndroidManifest.xml:14:9-45
	android:theme
		ADDED from src/main/AndroidManifest.xml:16:9-40
	android:name
		ADDED from src/main/AndroidManifest.xml:12:9-53
activity#com.emodou.login.EmodouLogoActivity
ADDED from src/main/AndroidManifest.xml:17:10-25:20
	android:screenOrientation
		ADDED from src/main/AndroidManifest.xml:19:13-50
	android:name
		ADDED from src/main/AndroidManifest.xml:18:13-63
intent-filter#android.intent.action.MAIN+android.intent.category.LAUNCHER
ADDED from src/main/AndroidManifest.xml:21:13-24:29
action#android.intent.action.MAIN
ADDED from src/main/AndroidManifest.xml:22:17-69
	android:name
		ADDED from src/main/AndroidManifest.xml:22:25-66
category#android.intent.category.LAUNCHER
ADDED from src/main/AndroidManifest.xml:23:17-77
	android:name
		ADDED from src/main/AndroidManifest.xml:23:27-74
activity#com.emodou.login.EmodouLoginAcvitity
ADDED from src/main/AndroidManifest.xml:27:9-29:52
	android:screenOrientation
		ADDED from src/main/AndroidManifest.xml:29:13-50
	android:name
		ADDED from src/main/AndroidManifest.xml:28:13-64
activity#com.emodou.login.EmodouRegisterActivity
ADDED from src/main/AndroidManifest.xml:30:9-33:20
	android:screenOrientation
		ADDED from src/main/AndroidManifest.xml:32:13-50
	android:name
		ADDED from src/main/AndroidManifest.xml:31:13-67
activity#com.emodou.login.GetPasswordActivity
ADDED from src/main/AndroidManifest.xml:34:9-36:52
	android:screenOrientation
		ADDED from src/main/AndroidManifest.xml:36:13-50
	android:name
		ADDED from src/main/AndroidManifest.xml:35:13-64
activity#com.example.emodou.HomeActivity
ADDED from src/main/AndroidManifest.xml:37:9-39:52
	android:screenOrientation
		ADDED from src/main/AndroidManifest.xml:39:13-50
	android:name
		ADDED from src/main/AndroidManifest.xml:38:13-59
activity#com.example.emodou.PersonActivity
ADDED from src/main/AndroidManifest.xml:40:9-42:52
	android:screenOrientation
		ADDED from src/main/AndroidManifest.xml:42:13-50
	android:name
		ADDED from src/main/AndroidManifest.xml:41:13-61
activity#com.example.emodou.LearnDataActivity
ADDED from src/main/AndroidManifest.xml:43:9-45:52
	android:screenOrientation
		ADDED from src/main/AndroidManifest.xml:45:13-50
	android:name
		ADDED from src/main/AndroidManifest.xml:44:13-64
activity#com.example.emodou.SetActivity
ADDED from src/main/AndroidManifest.xml:47:9-49:52
	android:screenOrientation
		ADDED from src/main/AndroidManifest.xml:49:13-50
	android:name
		ADDED from src/main/AndroidManifest.xml:48:13-58
activity#com.example.emodou.MainActivity
ADDED from src/main/AndroidManifest.xml:50:9-53:52
	android:screenOrientation
		ADDED from src/main/AndroidManifest.xml:53:13-50
	android:name
		ADDED from src/main/AndroidManifest.xml:51:13-59
activity#com.emodou.home.ReadActivity
ADDED from src/main/AndroidManifest.xml:54:9-56:52
	android:screenOrientation
		ADDED from src/main/AndroidManifest.xml:56:13-50
	android:name
		ADDED from src/main/AndroidManifest.xml:55:13-56
activity#com.emodou.home.CourseListActivity
ADDED from src/main/AndroidManifest.xml:57:9-59:52
	android:screenOrientation
		ADDED from src/main/AndroidManifest.xml:59:13-50
	android:name
		ADDED from src/main/AndroidManifest.xml:58:13-62
activity#com.emodou.home.SpeakActivity
ADDED from src/main/AndroidManifest.xml:60:9-62:52
	android:screenOrientation
		ADDED from src/main/AndroidManifest.xml:62:13-50
	android:name
		ADDED from src/main/AndroidManifest.xml:61:13-57
activity#com.emodou.home.ListenActivity
ADDED from src/main/AndroidManifest.xml:63:9-65:52
	android:screenOrientation
		ADDED from src/main/AndroidManifest.xml:65:13-50
	android:name
		ADDED from src/main/AndroidManifest.xml:64:13-58
activity#com.emodou.home.WordmainActivity
ADDED from src/main/AndroidManifest.xml:66:9-68:52
	android:screenOrientation
		ADDED from src/main/AndroidManifest.xml:68:13-50
	android:name
		ADDED from src/main/AndroidManifest.xml:67:13-60
activity#com.emodou.home.WordlistActivity
ADDED from src/main/AndroidManifest.xml:69:9-71:52
	android:screenOrientation
		ADDED from src/main/AndroidManifest.xml:71:13-50
	android:name
		ADDED from src/main/AndroidManifest.xml:70:13-60
activity#com.emodou.home.WordwlistActivity
ADDED from src/main/AndroidManifest.xml:72:9-74:52
	android:screenOrientation
		ADDED from src/main/AndroidManifest.xml:74:13-50
	android:name
		ADDED from src/main/AndroidManifest.xml:73:13-61
activity#com.emodou.home.WordpreActivity
ADDED from src/main/AndroidManifest.xml:75:10-77:52
	android:screenOrientation
		ADDED from src/main/AndroidManifest.xml:77:13-50
	android:name
		ADDED from src/main/AndroidManifest.xml:76:13-59
activity#com.emodou.home.WordpresecActivity
ADDED from src/main/AndroidManifest.xml:78:10-80:52
	android:screenOrientation
		ADDED from src/main/AndroidManifest.xml:80:13-50
	android:name
		ADDED from src/main/AndroidManifest.xml:79:13-62
activity#com.emodou.home.WordprethdActivity
ADDED from src/main/AndroidManifest.xml:81:10-83:52
	android:screenOrientation
		ADDED from src/main/AndroidManifest.xml:83:13-50
	android:name
		ADDED from src/main/AndroidManifest.xml:82:13-62
activity#com.emodou.home.SlidingmenuFragment
ADDED from src/main/AndroidManifest.xml:84:10-86:52
	android:screenOrientation
		ADDED from src/main/AndroidManifest.xml:86:13-50
	android:name
		ADDED from src/main/AndroidManifest.xml:85:13-63
activity#com.emodou.home.QusReadActivity
ADDED from src/main/AndroidManifest.xml:87:10-89:52
	android:screenOrientation
		ADDED from src/main/AndroidManifest.xml:89:13-50
	android:name
		ADDED from src/main/AndroidManifest.xml:88:13-59
activity#com.emodou.home.QusListenActivity
ADDED from src/main/AndroidManifest.xml:90:10-92:52
	android:screenOrientation
		ADDED from src/main/AndroidManifest.xml:92:13-50
	android:name
		ADDED from src/main/AndroidManifest.xml:91:13-61
activity#com.emodou.home.QusListenResultActivity
ADDED from src/main/AndroidManifest.xml:93:10-95:52
	android:screenOrientation
		ADDED from src/main/AndroidManifest.xml:95:13-50
	android:name
		ADDED from src/main/AndroidManifest.xml:94:13-67
activity#com.emodou.home.QusListenReviewActivity
ADDED from src/main/AndroidManifest.xml:96:10-98:52
	android:screenOrientation
		ADDED from src/main/AndroidManifest.xml:98:13-50
	android:name
		ADDED from src/main/AndroidManifest.xml:97:13-67
activity#com.emodou.home.QusReadReviewActivity
ADDED from src/main/AndroidManifest.xml:99:11-101:52
	android:screenOrientation
		ADDED from src/main/AndroidManifest.xml:101:13-50
	android:name
		ADDED from src/main/AndroidManifest.xml:100:13-65
activity#com.emodou.home.ChangeBookActivity
ADDED from src/main/AndroidManifest.xml:102:11-104:52
	android:screenOrientation
		ADDED from src/main/AndroidManifest.xml:104:13-50
	android:name
		ADDED from src/main/AndroidManifest.xml:103:13-62
activity#com.emodou.home.WordwDetailActivity
ADDED from src/main/AndroidManifest.xml:105:10-107:52
	android:screenOrientation
		ADDED from src/main/AndroidManifest.xml:107:13-50
	android:name
		ADDED from src/main/AndroidManifest.xml:106:13-63
activity#com.emodou.home.WordLearnActivity
ADDED from src/main/AndroidManifest.xml:108:10-110:52
	android:screenOrientation
		ADDED from src/main/AndroidManifest.xml:110:13-50
	android:name
		ADDED from src/main/AndroidManifest.xml:109:13-61
activity#com.emodou.home.WordTestActivity
ADDED from src/main/AndroidManifest.xml:111:10-113:52
	android:screenOrientation
		ADDED from src/main/AndroidManifest.xml:113:13-50
	android:name
		ADDED from src/main/AndroidManifest.xml:112:13-60
activity#com.emodou.home.WordTestResultActivity
ADDED from src/main/AndroidManifest.xml:114:10-116:52
	android:screenOrientation
		ADDED from src/main/AndroidManifest.xml:116:13-50
	android:name
		ADDED from src/main/AndroidManifest.xml:115:13-66
activity#com.emodou.home.WordNewordlistActivity
ADDED from src/main/AndroidManifest.xml:117:10-119:52
	android:screenOrientation
		ADDED from src/main/AndroidManifest.xml:119:13-50
	android:name
		ADDED from src/main/AndroidManifest.xml:118:13-66
activity#com.emodou.home.WordSearchActivity
ADDED from src/main/AndroidManifest.xml:120:11-122:52
	android:screenOrientation
		ADDED from src/main/AndroidManifest.xml:122:13-50
	android:name
		ADDED from src/main/AndroidManifest.xml:121:13-62
activity#com.emodou.home.ChangePackageActivity
ADDED from src/main/AndroidManifest.xml:123:11-125:52
	android:screenOrientation
		ADDED from src/main/AndroidManifest.xml:125:13-50
	android:name
		ADDED from src/main/AndroidManifest.xml:124:13-65
activity#com.emodou.login.RegistClassActivity
ADDED from src/main/AndroidManifest.xml:126:11-128:52
	android:screenOrientation
		ADDED from src/main/AndroidManifest.xml:128:13-50
	android:name
		ADDED from src/main/AndroidManifest.xml:127:13-64
activity#com.example.emodou.MyclassActivity
ADDED from src/main/AndroidManifest.xml:129:11-131:52
	android:screenOrientation
		ADDED from src/main/AndroidManifest.xml:131:13-50
	android:name
		ADDED from src/main/AndroidManifest.xml:130:13-62
activity#com.emodou.myclass.WorkDetailActivity
ADDED from src/main/AndroidManifest.xml:132:11-134:52
	android:screenOrientation
		ADDED from src/main/AndroidManifest.xml:134:13-50
	android:name
		ADDED from src/main/AndroidManifest.xml:133:13-65
activity#com.emodou.extend.MipcaActivityCapture
ADDED from src/main/AndroidManifest.xml:135:11-139:62
	android:screenOrientation
		ADDED from src/main/AndroidManifest.xml:137:13-49
	android:windowSoftInputMode
		ADDED from src/main/AndroidManifest.xml:139:13-60
	android:configChanges
		ADDED from src/main/AndroidManifest.xml:138:13-51
	android:name
		ADDED from src/main/AndroidManifest.xml:136:13-66
service#com.emodou.service.RecordIntentService
ADDED from src/main/AndroidManifest.xml:140:11-142:21
	android:name
		ADDED from src/main/AndroidManifest.xml:141:15-68
uses-permission#android.permission.ACCESS_NETWORK_STATE
ADDED from src/main/AndroidManifest.xml:145:2-75
	android:name
		ADDED from src/main/AndroidManifest.xml:145:19-73
uses-permission#android.permission.INTERNET
ADDED from src/main/AndroidManifest.xml:146:2-63
	android:name
		ADDED from src/main/AndroidManifest.xml:146:19-61
uses-permission#android.permission.MOUNT_UNMOUNT_FILESYSTEMS
ADDED from src/main/AndroidManifest.xml:148:2-81
	android:name
		ADDED from src/main/AndroidManifest.xml:148:19-78
uses-permission#android.permission.WRITE_EXTERNAL_STORAGE
ADDED from src/main/AndroidManifest.xml:150:2-78
	android:name
		ADDED from src/main/AndroidManifest.xml:150:19-75
uses-permission#android.permission.ACCESS_WIFI_STATE
ADDED from src/main/AndroidManifest.xml:151:2-73
	android:name
		ADDED from src/main/AndroidManifest.xml:151:19-70
uses-permission#android.permission.RECORD_AUDIO
ADDED from src/main/AndroidManifest.xml:153:2-68
	android:name
		ADDED from src/main/AndroidManifest.xml:153:19-65
uses-permission#android.permission.VIBRATE
ADDED from src/main/AndroidManifest.xml:159:2-63
	android:name
		ADDED from src/main/AndroidManifest.xml:159:19-60
uses-permission#android.permission.CAMERA
ADDED from src/main/AndroidManifest.xml:160:5-65
	android:name
		ADDED from src/main/AndroidManifest.xml:160:22-62
uses-feature#android.hardware.camera
ADDED from src/main/AndroidManifest.xml:161:5-60
	android:name
		ADDED from src/main/AndroidManifest.xml:161:19-57
uses-feature#android.hardware.camera.autofocus
ADDED from src/main/AndroidManifest.xml:162:5-70
	android:name
		ADDED from src/main/AndroidManifest.xml:162:19-67
android:uses-permission#android.permission.READ_PHONE_STATE
IMPLIED from src/main/AndroidManifest.xml:2:1-165:12 reason: com.baoyz.swipemenulistview has a targetSdkVersion < 4
android:uses-permission#android.permission.READ_EXTERNAL_STORAGE
IMPLIED from src/main/AndroidManifest.xml:2:1-165:12 reason: com.baoyz.swipemenulistview requested WRITE_EXTERNAL_STORAGE